<?xml version="1.0" encoding="UTF-8"?>
<!-- Generated by org.testng.reporters.JUnitReportReporter -->
<testsuite hostname="DESKTOP-UKPSA2L" failures="0" tests="3" name="com.demo.selenium.testng.SeleniumTestng.AppTest" time="4.358" errors="0" timestamp="2022-12-28T19:53:51 IST" skipped="0">
  <testcase classname="com.demo.selenium.testng.SeleniumTestng.AppTest" name="testCase3" time="3.549"/>
  <system-out/>
  <testcase classname="com.demo.selenium.testng.SeleniumTestng.AppTest" name="testCase2" time="0.345"/>
  <system-out/>
  <testcase classname="com.demo.selenium.testng.SeleniumTestng.AppTest" name="testCase1" time="0.464"/>
  <system-out/>
</testsuite> <!-- com.demo.selenium.testng.SeleniumTestng.AppTest -->
